
> bookkeeping-parser@0.1.0 dev
> next dev --turbopack

 тЪа Port 3000 is in use by an unknown process, using available port 3001 instead.
   тЦ▓ Next.js 15.5.6 (Turbopack)
   - Local:        http://localhost:3001
 тЧЛ Compiling / ...
 тЬУ Compiled / in 8.2s
 GET / 200 in 9050ms
 тЪа Cross origin
-----
[1m[31mFATAL[39m[0m: An unexpected Turbopack error occurred. A panic log has been written to /tmp/next-panic-a670f6e350960b548379e899c39fcb47.log.

To help make Turbopack better, report this error by clicking here: https://github.com/vercel/next.js/discussions/new?category=turbopack-error-report&title=Turbopack%20Error%3A%20Next.js%20package%20not%20found&body=Turbopack%20version%3A%20%6057992a6e%60%0ANext.js%20version%3A%20%600.0.0%60%0A%0AError%20message%3A%0A%60%60%60%0ATurbopack%20Error%3A%20Next.js%20package%20not%20found%0A%60%60%60&labels=Turbopack,Turbopack%20Panic%20Backtrace
-----

Error [TurbopackInternalError]: Next.js package not found

Debug info:
- Execution of get_entrypoints_with_issues_operation failed
- Execution of EntrypointsOperation::new failed
- Execution of Project::entrypoints failed
- Execution of AppProject::routes failed
- Execution of directory_tree_to_entrypoints_internal failed
- Execution of directory_tree_to_loader_tree failed
- Execution of get_next_package failed
- Next.js package not found
    at <unknown> (TurbopackInternalError: Next.js package not found) {
  location: undefined
}
[?25h
Manifest.js.tmp.ocr5tw00mg'] {
  errno: -2,
  code: 'ENOENT',
  syscall: 'open',
  path: '/home/code/bookkeeping-parser/.next/static/development/_buildManifest.js.tmp.ocr5tw00mg'
}
[Error: ENOENT: no such file or directory, open '/home/code/bookkeeping-parser/.next/static/development/_buildManifest.js.tmp.4koj11mxd1n'] {
  errno: -2,
  code: 'ENOENT',
  syscall: 'open',
  path: '/home/code/bookkeeping-parser/.next/static/development/_buildManifest.js.tmp.4koj11mxd1n'
}
 тип [Error: ENOENT: no such file or directory, open '/home/code/bookkeeping-parser/.next/static/development/_buildManifest.js.tmp.5nn2jeovb1'] {
  errno: -2,
  code: 'ENOENT',
  syscall: 'open',
  path: '/home/code/bookkeeping-parser/.next/static/development/_buildManifest.js.tmp.5nn2jeovb1'
}
[Error: ENOENT: no such file or directory, open '/home/code/bookkeeping-parser/.next/static/development/_buildManifest.js.tmp.fsqu1qxkakg'] {
  errno: -2,
  code: 'ENOENT',
  syscall: 'open',
  path: '/home/code/bookkeeping-parser/.next/static/development/_buildManifest.js.tmp.fsqu1qxkakg'
}
 тип [Error: ENOENT: no such file or directory, open '/home/code/bookkeeping-parser/.next/static/development/_buildManifest.js.tmp.gsra3ifzzls'] {
  errno: -2,
  code: 'ENOENT',
  syscall: 'open',
  path: '/home/code/bookkeeping-parser/.next/static/development/_buildManifest.js.tmp.gsra3ifzzls'
}
 тип [Error: ENOENT: no such file or directory, open '/home/code/bookkeeping-parser/.next/static/development/_buildManifest.js.tmp.d1o2syy5hul'] {
  errno: -2,
  code: 'ENOENT',
  syscall: 'open',
  path: '/home/code/bookkeeping-parser/.next/static/development/_buildManifest.js.tmp.d1o2syy5hul'
}
[Error: ENOENT: no such file or directory, open '/home/code/bookkeeping-parser/.next/static/development/_buildManifest.js.tmp.gsra3ifzzls'] {
  errno: -2,
  code: 'ENOENT',
  syscall: 'open',
  path: '/home/code/bookkeeping-parser/.next/static/development/_buildManifest.js.tmp.gsra3ifzzls'
}
 тип [Error: ENOENT: no such file or directory, open '/home/code/bookkeeping-parser/.next/static/development/_buildManifest.js.tmp.v80nju56fu8'] {
  errno: -2,
  code: 'ENOENT',
  syscall: 'open',
  path: '/home/code/bookkeeping-parser/.next/static/development/_buildManifest.js.tmp.v80nju56fu8'
}
[Error: ENOENT: no such file or directory, open '/home/code/bookkeeping-parser/.next/static/development/_buildManifest.js.tmp.mbf69x6epl'] {
  errno: -2,
  code: 'ENOENT',
  syscall: 'open',
  path: '/home/code/bookkeeping-parser/.next/static/development/_buildManifest.js.tmp.mbf69x6epl'
}
 тип [Error: ENOENT: no such file or directory, open '/home/code/bookkeeping-parser/.next/static/development/_buildManifest.js.tmp.4iykhxtysk9'] {
  errno: -2,
  code: 'ENOENT',
  syscall: 'open',
  path: '/home/code/bookkeeping-parser/.next/static/development/_buildManifest.js.tmp.4iykhxtysk9'
}
 тип [Error: ENOENT: no such file or directory, open '/home/code/bookkeeping-parser/.next/static/development/_buildManifest.js.tmp.2hb5r9o6uf1'] {
  errno: -2,
  code: 'ENOENT',
  syscall: 'open',
  path: '/home/code/bookkeeping-parser/.next/static/development/_buildManifest.js.tmp.2hb5r9o6uf1'
}
[Error: ENOENT: no such file or directory, open '/home/code/bookkeeping-parser/.next/static/development/_buildManifest.js.tmp.4iykhxtysk9'] {
  errno: -2,
  code: 'ENOENT',
  syscall: 'open',
  path: '/home/code/bookkeeping-parser/.next/static/development/_buildManifest.js.tmp.4iykhxtysk9'
}
 тип [Error: ENOENT: no such file or directory, open '/home/code/bookkeeping-parser/.next/static/development/_buildManifest.js.tmp.drc14l0vplg'] {
  errno: -2,
  code: 'ENOENT',
  syscall: 'open',
  path: '/home/code/bookkeeping-parser/.next/static/development/_buildManifest.js.tmp.drc14l0vplg'
}
[Error: ENOENT: no such file or directory, open '/home/code/bookkeeping-parser/.next/static/development/_buildManifest.js.tmp.ye28jobbpf'] {
  errno: -2,
  code: 'ENOENT',
  syscall: 'open',
  path: '/home/code/bookkeeping-parser/.next/static/development/_buildManifest.js.tmp.ye28jobbpf'
}
 тип [Error: ENOENT: no such file or directory, open '/home/code/bookkeeping-parser/.next/static/development/_buildManifest.js.tmp.86tnol6dn5i'] {
  errno: -2,
  code: 'ENOENT',
  syscall: 'open',
  path: '/home/code/bookkeeping-parser/.next/static/development/_buildManifest.js.tmp.86tnol6dn5i'
}
 тип [Error: ENOENT: no such file or directory, open '/home/code/bookkeeping-parser/.next/static/development/_buildManifest.js.tmp.xpz5y9708dc'] {
  errno: -2,
  code: 'ENOENT',
  syscall: 'open',
  path: '/home/code/bookkeeping-parser/.next/static/development/_buildManifest.js.tmp.xpz5y9708dc'
}
[Error: ENOENT: no such file or directory, open '/home/code/bookkeeping-parser/.next/static/development/_buildManifest.js.tmp.86tnol6dn5i'] {
  errno: -2,
  code: 'ENOENT',
  syscall: 'open',
  path: '/home/code/bookkeeping-parser/.next/static/development/_buildManifest.js.tmp.86tnol6dn5i'
}
 тип [Error: ENOENT: no such file or directory, open '/home/code/bookkeeping-parser/.next/static/development/_buildManifest.js.tmp.6a5rz6w19d2'] {
  errno: -2,
  code: 'ENOENT',
  syscall: 'open',
  path: '/home/code/bookkeeping-parser/.next/static/development/_buildManifest.js.tmp.6a5rz6w19d2'
}
[Error: ENOENT: no such file or directory, open '/home/code/bookkeeping-parser/.next/static/development/_buildManifest.js.tmp.txdvbwoduw'] {
  errno: -2,
  code: 'ENOENT',
  syscall: 'open',
  path: '/home/code/bookkeeping-parser/.next/static/development/_buildManifest.js.tmp.txdvbwoduw'
}

-----
[1m[31mFATAL[39m[0m: An unexpected Turbopack error occurred. A panic log has been written to /tmp/next-panic-d03961fd02ca91dc98ccf66032ebe1e0.log.

To help make Turbopack better, report this error by clicking here: https://github.com/vercel/next.js/discussions/new?category=turbopack-error-report&title=Turbopack%20Error%3A%20Next.js%20package%20not%20found&body=Turbopack%20version%3A%20%6057992a6e%60%0ANext.js%20version%3A%20%600.0.0%60%0A%0AError%20message%3A%0A%60%60%60%0ATurbopack%20Error%3A%20Next.js%20package%20not%20found%0A%60%60%60&labels=Turbopack,Turbopack%20Panic%20Backtrace
-----

Error [TurbopackInternalError]: Next.js package not found

Debug info:
- Execution of get_entrypoints_with_issues_operation failed
- Execution of EntrypointsOperation::new failed
- Execution of Project::entrypoints failed
- Execution of AppProject::routes failed
- Execution of directory_tree_to_entrypoints_internal failed
- Execution of directory_tree_to_loader_tree failed
- Execution of get_next_package failed
- Next.js package not found
    at <unknown> (TurbopackInternalError: Next.js package not found) {
  location: undefined
}
[?25h
